<?xml version="1.0" encoding="UTF-8"?>
<!-- Generated by org.testng.reporters.JUnitXMLReporter -->
<testsuite hostname="Ashwinis-Air" ignored="0" name="Default test" tests="2" failures="1" timestamp="2022-06-08T15:19:46 PDT" time="44.684" errors="0">
  <testcase name="runScenario" time="19.393" classname="io.cucumber.testng.AbstractTestNGCucumberTests"/>
  <testcase name="runScenario" time="15.53" classname="io.cucumber.testng.AbstractTestNGCucumberTests">
    <failure type="java.lang.AssertionError" message="expected [true] but found [false]">
      <![CDATA[java.lang.AssertionError: expected [true] but found [false]
at org.testng.Assert.fail(Assert.java:99)
at org.testng.Assert.failNotEquals(Assert.java:1037)
at org.testng.Assert.assertTrue(Assert.java:45)
at org.testng.Assert.assertTrue(Assert.java:55)
at com.nn.stepdefinition.LoginStep.page_title_shoud_be(LoginStep.java:44)
at ✽.Page Title shoud be "My account - My Storeee"(file:///Users/ashwiniramamurthy/eclipse-workspace/DietitionCumcumber/src/test/resources/feature/LoginPage.feature:8)
]]>
    </failure>
  </testcase> <!-- runScenario -->
</testsuite> <!-- Default test -->
