<?xml version="1.0" encoding="UTF-8"?>
<testng-results ignored="0" total="0" passed="0" failed="0" skipped="0">
  <reporter-output>
  </reporter-output>
  <suite started-at="2022-06-09T14:37:52 EDT" name="Default suite" finished-at="2022-06-09T14:37:54 EDT" duration-ms="1668">
    <groups>
      <group name="cucumber">
        <method signature="AbstractTestNGCucumberTests.runScenario(io.cucumber.testng.PickleWrapper, io.cucumber.testng.FeatureWrapper)[pri:0, instance:com.nn.runner.MyRunner@41fbdac4]" name="runScenario" class="io.cucumber.testng.AbstractTestNGCucumberTests"/>
      </group> <!-- cucumber -->
    </groups>
    <test started-at="2022-06-09T14:37:52 EDT" name="Default test" finished-at="2022-06-09T14:37:54 EDT" duration-ms="1668">
      <class name="com.nn.runner.MyRunner">
        <test-method is-config="true" signature="setUpClass(org.testng.ITestContext)[pri:0, instance:com.nn.runner.MyRunner@41fbdac4]" started-at="2022-06-09T14:37:52 EDT" name="setUpClass" finished-at="2022-06-09T14:37:53 EDT" duration-ms="449" status="PASS">
          <params>
            <param index="0">
              <value>
                <![CDATA[org.testng.TestRunner@c00fff0]]>
              </value>
            </param>
          </params>
          <reporter-output>
          </reporter-output>
        </test-method> <!-- setUpClass -->
        <test-method is-config="true" signature="tearDownClass()[pri:0, instance:com.nn.runner.MyRunner@41fbdac4]" started-at="2022-06-09T14:37:53 EDT" name="tearDownClass" finished-at="2022-06-09T14:37:54 EDT" duration-ms="1194" status="PASS">
          <reporter-output>
          </reporter-output>
        </test-method> <!-- tearDownClass -->
      </class> <!-- com.nn.runner.MyRunner -->
    </test> <!-- Default test -->
  </suite> <!-- Default suite -->
</testng-results>
